<?xml version="1.0" encoding="UTF-8"?>
<!-- Generated by org.testng.reporters.JUnitReportReporter -->
<testsuite skipped="0" hostname="LAPTOP-NLPBMCE3" name="test.AddDataTest" tests="1" failures="0" timestamp="28 Aug 2021 04:08:07 GMT" time="9.991" errors="0">
  <testcase name="ValidUserShouldAbleToAddTestData" time="9.991" classname="test.AddDataTest"/>
</testsuite> <!-- test.AddDataTest -->
